c:\users\michael\desktop\glasstrack\glasstrack\glasstrack\debug\vc140.pdb
c:\users\michael\desktop\glasstrack\glasstrack\glasstrack\debug\vc140.idb
c:\users\michael\desktop\glasstrack\glasstrack\glasstrack\debug\calibrate.obj
c:\users\michael\desktop\glasstrack\glasstrack\glasstrack\debug\displayvideo.obj
c:\users\michael\desktop\glasstrack\glasstrack\glasstrack\debug\initialize.obj
c:\users\michael\desktop\glasstrack\glasstrack\glasstrack\debug\main.obj
c:\users\michael\desktop\glasstrack\glasstrack\glasstrack\debug\opencvutility.obj
c:\users\michael\desktop\glasstrack\glasstrack\glasstrack\debug\ql2utility.obj
c:\users\michael\desktop\glasstrack\bin\glasstrack.ilk
c:\users\michael\desktop\glasstrack\bin\glasstrack.exe
c:\users\michael\desktop\glasstrack\bin\glasstrack.pdb
c:\users\michael\desktop\glasstrack\glasstrack\glasstrack\debug\vc120.idb
c:\users\michael\desktop\glasstrack\glasstrack\glasstrack\debug\vc120.pdb
c:\users\michael\desktop\glasstrack\glasstrack\$\..\..\bin\glasstrack.pdb
c:\users\michael\desktop\glasstrack\glasstrack\$\..\..\bin\glasstrack.exe
c:\users\michael\desktop\glasstrack\glasstrack\$\..\..\bin\glasstrack.ilk
c:\users\michael\desktop\glasstrack\glasstrack\glasstrack\debug\glasstrack.tlog\cl.command.1.tlog
c:\users\michael\desktop\glasstrack\glasstrack\glasstrack\debug\glasstrack.tlog\cl.read.1.tlog
c:\users\michael\desktop\glasstrack\glasstrack\glasstrack\debug\glasstrack.tlog\cl.write.1.tlog
c:\users\michael\desktop\glasstrack\glasstrack\glasstrack\debug\glasstrack.tlog\link.command.1.tlog
c:\users\michael\desktop\glasstrack\glasstrack\glasstrack\debug\glasstrack.tlog\link.read.1.tlog
c:\users\michael\desktop\glasstrack\glasstrack\glasstrack\debug\glasstrack.tlog\link.write.1.tlog
